
####################################################################################################
[2026-02-20T19:53:28Z] InvSync Runner START
mode=full as_of_date=2026-02-13
vendor_dir=D:\app\InvSync\Vendor_Files
only=None
####################################################################################################

====================================================================================================
[2026-02-20T19:53:28Z] START MRW: Ingest MRW
CMD: C:\Python313\python.exe D:\app\InvSync\ingest_mrw_inventory.py --file D:\app\InvSync\Vendor_Files\MRW Inventory Report.csv --vendor-code MRW --vendor-name Method Race Wheels --as-of-date 2026-02-13
Traceback (most recent call last):
  File "D:\app\InvSync\ingest_mrw_inventory.py", line 285, in <module>
    main()
    ~~~~^^
  File "D:\app\InvSync\ingest_mrw_inventory.py", line 170, in main
    xl = pd.ExcelFile(file_path)
  File "C:\Users\HP\AppData\Roaming\Python\Python313\site-packages\pandas\io\excel\_base.py", line 1554, in __init__
    raise ValueError(
    ...<2 lines>...
    )
ValueError: Excel file format cannot be determined, you must specify an engine manually.
[2026-02-20T19:53:29Z] END MRW: Ingest MRW rc=1 seconds=1.68
====================================================================================================

[2026-02-20T19:53:29Z] InvSync Runner END ok=0 failed=1 total_seconds=1.68

####################################################################################################
[2026-02-20T19:54:32Z] InvSync Runner START
mode=full as_of_date=2026-02-13
vendor_dir=D:\app\InvSync\Vendor_Files
only=None
####################################################################################################

====================================================================================================
[2026-02-20T19:54:32Z] START MRW: Ingest MRW
CMD: C:\Python313\python.exe D:\app\InvSync\ingest_mrw_inventory.py --file D:\app\InvSync\Vendor_Files\MRW Inventory Report.xlsx --vendor-code MRW --vendor-name Method Race Wheels --as-of-date 2026-02-13
 Ingestion complete
   Vendor: MRW (vendor_id inserted/updated)
   File:   MRW Inventory Report.xlsx
   Hash:   f8cbbaf9291ec91de66f2b1366287b439231eac77f6910c3f40e52c1444a25e8
   as_of:  2026-02-13
   Rows:   raw=1646, normalized=1646
[2026-02-20T19:54:38Z] END MRW: Ingest MRW rc=0 seconds=6.82
====================================================================================================

====================================================================================================
[2026-02-20T19:54:38Z] START VOS: Ingest Vossen
CMD: C:\Python313\python.exe D:\app\InvSync\ingest_vos_inventory.py --url http://inventory.vossenwheels.com/sdtireandwheel.aspx --vendor-code VOS --vendor-name Vossen Wheels --as-of-date 2026-02-13 --timeout 300
 Exported Excel
   URL:   http://inventory.vossenwheels.com/sdtireandwheel.aspx
   Excel: vossen_inventory_2026-02-13.xlsx
   Rows:  3584
   Cols:  ['SKU', 'Description', 'Available', 'Price', 'Diameter', 'Width', 'Offset', 'BoltPattern', 'Centerbore']
 Ingestion complete
   Vendor: VOS
   Excel:  vossen_inventory_2026-02-13.xlsx
   Hash:   20fba9f20a66f1c612aac5a421a8683618e4a9b4d75081d2e11765265f30b28e
   as_of:  2026-02-13
   Rows:   raw=3584, normalized=3584
[2026-02-20T19:54:50Z] END VOS: Ingest Vossen rc=0 seconds=11.74
====================================================================================================

====================================================================================================
[2026-02-20T19:54:50Z] START FER: Ingest Ferrada
CMD: C:\Python313\python.exe D:\app\InvSync\ingest_fer_inventory.py --sheet-id 1tubAbOzd-KSuJxr-9xQ1PjZKq6QPtrYCG6Qw_fg7EAM --vendor-code FER --vendor-name Ferrada --as-of-date 2026-02-13 --timeout 300
  Downloading Google Sheet as XLSX...
 Building merged workbook (all tabs + ALL_TABS)...
 Workbook ready
   Downloaded: ferrada_gsheet_2026-02-13.xlsx
   Merged:     ferrada_merged_2026-02-13.xlsx
   Tabs:       ['DC Series', 'CM Series', 'FR5-FR8', 'FR9-FR12 - New Inventory Arrivi', 'FTR Series', 'FT Series']
   ALL_TABS rows: 2983
 Ingesting into Postgres...
 Ingestion complete
   Vendor: FER
   File:   ferrada_merged_2026-02-13.xlsx
   Hash:   e7dc4e5ecf8a25bc7b16291bd144791d744ae4d36177a16f49f36acf8842ac9c
   as_of:  2026-02-13
   Rows:   raw=2983, normalized=2983
[2026-02-20T19:55:07Z] END FER: Ingest Ferrada rc=0 seconds=16.30
====================================================================================================

====================================================================================================
[2026-02-20T19:55:07Z] START LOF: Ingest Lock Off-Road
CMD: C:\Python313\python.exe D:\app\InvSync\ingest_lor_inventory.py --file D:\app\InvSync\Vendor_Files\LockOffroadWheelsInventory.xlsx --vendor-code LOF --vendor-name Lock Off-Road --as-of-date 2026-02-13
D:\app\InvSync\ingest_lor_inventory.py:6: SyntaxWarning: invalid escape sequence '\I'
  D:\app\InvSync\Vendor_Files\LockOffroadWheelsInventory.xlsx
 Ingestion complete
   Vendor: LOF (Lock Off-Road)
   File:   LockOffroadWheelsInventory.xlsx
   Hash:   dcfb01a41abd77deb42a01faf580bf4afdc2abe222f8f53b30bf7212d7f7bd95
   as_of:  2026-02-13
   Rows:   raw=1223, normalized=1223
[2026-02-20T19:55:15Z] END LOF: Ingest Lock Off-Road rc=0 seconds=8.50
====================================================================================================

====================================================================================================
[2026-02-20T19:55:15Z] START ROH: Ingest Rohana (from URL)
CMD: C:\Python313\python.exe D:\app\InvSync\ingest_roh_inventory.py --url https://www.dropbox.com/scl/fi/esvxe8rq5qp26l8wjp6k9/Rohana-Inventory-02-13-2026.xlsx?rlkey=z48p4vy5gloki5psvr05kqkyb&e=2&st=o4bdwtue&dl=0 --vendor-code ROH --vendor-name Rohana --as-of-date 2026-02-13 --timeout 300
D:\app\InvSync\ingest_roh_inventory.py:31: SyntaxWarning: invalid escape sequence '\I'
  --file "D:\app\InvSync\Vendor_Files\Rohana Inventory 01-30-2026.xlsx" `
Downloading Rohana XLSX from URL -> rohana_inventory_2026-02-13.xlsx
Ingestion complete
  Vendor: ROH (Rohana)
  File:   rohana_inventory_2026-02-13.xlsx
  Hash:   b6bcb4c043f6b713ba0663e16863d44734981846de3370d5b4792d86b1724324
  as_of:  2026-02-13
  Rows:   raw=1554, normalized=1468
  Header row detected (0-based): 3
[2026-02-20T19:55:33Z] END ROH: Ingest Rohana (from URL) rc=0 seconds=17.63
====================================================================================================

====================================================================================================
[2026-02-20T19:55:33Z] START XXR: Ingest XXR
CMD: C:\Python313\python.exe D:\app\InvSync\ingest_xxr_inventory.py --file D:\app\InvSync\Vendor_Files\Open Inventory & Blowouts (XXR) 2-19-26.xlsx --vendor-code XXR --vendor-name XXR - Primax --as-of-date 2026-02-13
 Ingestion complete
   Vendor: XXR (XXR - Primax)
   File:   Open Inventory & Blowouts (XXR) 2-19-26.xlsx
   Hash:   b42bcda215c7683d1952f639fab74f6f12abe44fdad381d63e019bb416cf7c5b
   as_of:  2026-02-13
   Rows:   raw=535, normalized=528
[2026-02-20T19:55:42Z] END XXR: Ingest XXR rc=0 seconds=9.65
====================================================================================================

====================================================================================================
[2026-02-20T19:55:42Z] START DK: Ingest Dolce + Katana (WTD wheel offer)
CMD: C:\Python313\python.exe D:\app\InvSync\ingest_DOL_KAT_inventory.py --filename WTDwheelofferFebruary_17_2026.xlsx
D:\app\InvSync\ingest_DOL_KAT_inventory.py:6: SyntaxWarning: invalid escape sequence '\I'
  - The script MUST pick the file from: D:\app\InvSync\Vendor_Files
Ingestion complete
  File:   WTDwheelofferFebruary_17_2026.xlsx
  Hash:   af4045b9dd0f00a39631d8fb7c90ca806f8758e92d476c05ab73757071ebd90d
  as_of:  2026-02-17
  Sheet:  Brands
  Marker rows detected (non-column-A images): [3, 4, 786, 1271, 1512]
  Brand marker mapping used: {786: 'DOL', 1271: 'DOL', 1512: 'KAT'}
  DOL: raw=641, normalized=641
  KAT: raw=283, normalized=283
[2026-02-20T19:55:51Z] END DK: Ingest Dolce + Katana (WTD wheel offer) rc=0 seconds=8.98
====================================================================================================

====================================================================================================
[2026-02-20T19:55:51Z] START Build Daily Final (MRW)
CMD: C:\Python313\python.exe D:\app\InvSync\build_inventory_daily_final.py --as-of-date 2026-02-13 --vendor-code MRW
inventory_daily_final built successfully
  scope: vendor=MRW
  as_of_date: 2026-02-13
  rows written this run (approx): 1646
  total rows in inventory_daily_final for date: 1646
[2026-02-20T19:55:54Z] END Build Daily Final (MRW) rc=0 seconds=2.77
====================================================================================================

====================================================================================================
[2026-02-20T19:55:54Z] START Build Daily Final (VOS)
CMD: C:\Python313\python.exe D:\app\InvSync\build_inventory_daily_final.py --as-of-date 2026-02-13 --vendor-code VOS
inventory_daily_final built successfully
  scope: vendor=VOS
  as_of_date: 2026-02-13
  rows written this run (approx): 3584
  total rows in inventory_daily_final for date: 5230
[2026-02-20T19:55:57Z] END Build Daily Final (VOS) rc=0 seconds=3.31
====================================================================================================

====================================================================================================
[2026-02-20T19:55:57Z] START Build Daily Final (FER)
CMD: C:\Python313\python.exe D:\app\InvSync\build_inventory_daily_final.py --as-of-date 2026-02-13 --vendor-code FER
inventory_daily_final built successfully
  scope: vendor=FER
  as_of_date: 2026-02-13
  rows written this run (approx): 2983
  total rows in inventory_daily_final for date: 8213
[2026-02-20T19:56:01Z] END Build Daily Final (FER) rc=0 seconds=3.94
====================================================================================================

====================================================================================================
[2026-02-20T19:56:01Z] START Build Daily Final (LOF)
CMD: C:\Python313\python.exe D:\app\InvSync\build_inventory_daily_final.py --as-of-date 2026-02-13 --vendor-code LOF
inventory_daily_final built successfully
  scope: vendor=LOF
  as_of_date: 2026-02-13
  rows written this run (approx): 1223
  total rows in inventory_daily_final for date: 9436
[2026-02-20T19:56:04Z] END Build Daily Final (LOF) rc=0 seconds=3.06
====================================================================================================

====================================================================================================
[2026-02-20T19:56:04Z] START Build Daily Final (ROH)
CMD: C:\Python313\python.exe D:\app\InvSync\build_inventory_daily_final.py --as-of-date 2026-02-13 --vendor-code ROH
inventory_daily_final built successfully
  scope: vendor=ROH
  as_of_date: 2026-02-13
  rows written this run (approx): 1468
  total rows in inventory_daily_final for date: 10904
[2026-02-20T19:56:07Z] END Build Daily Final (ROH) rc=0 seconds=2.93
====================================================================================================

====================================================================================================
[2026-02-20T19:56:07Z] START Build Daily Final (XXR)
CMD: C:\Python313\python.exe D:\app\InvSync\build_inventory_daily_final.py --as-of-date 2026-02-13 --vendor-code XXR
inventory_daily_final built successfully
  scope: vendor=XXR
  as_of_date: 2026-02-13
  rows written this run (approx): 528
  total rows in inventory_daily_final for date: 11432
[2026-02-20T19:56:10Z] END Build Daily Final (XXR) rc=0 seconds=2.59
====================================================================================================

====================================================================================================
[2026-02-20T19:56:10Z] START Build Daily Final (DOL)
CMD: C:\Python313\python.exe D:\app\InvSync\build_inventory_daily_final.py --as-of-date 2026-02-13 --vendor-code DOL
inventory_daily_final built successfully
  scope: vendor=DOL
  as_of_date: 2026-02-13
  rows written this run (approx): 0
  total rows in inventory_daily_final for date: 11432
[2026-02-20T19:56:13Z] END Build Daily Final (DOL) rc=0 seconds=2.74
====================================================================================================

====================================================================================================
[2026-02-20T19:56:13Z] START Build Daily Final (KAT)
CMD: C:\Python313\python.exe D:\app\InvSync\build_inventory_daily_final.py --as-of-date 2026-02-13 --vendor-code KAT
inventory_daily_final built successfully
  scope: vendor=KAT
  as_of_date: 2026-02-13
  rows written this run (approx): 0
  total rows in inventory_daily_final for date: 11432
[2026-02-20T19:56:15Z] END Build Daily Final (KAT) rc=0 seconds=2.79
====================================================================================================

====================================================================================================
[2026-02-20T19:56:15Z] START Build Woo Variation Map
CMD: C:\Python313\python.exe D:\app\InvSync\build_woo_variation_map.py --as-of-date 2026-02-13
