
####################################################################################################
[2026-02-24T13:57:34Z] InvSync Runner START
mode=ingest as_of_date=2026-02-24
vendor_dir=/opt/invsync/Vendor_Files
only=None
####################################################################################################

####################################################################################################
[2026-02-24T14:32:29Z] InvSync Runner START
mode=full as_of_date=2026-02-24
vendor_dir=/opt/invsync/Vendor_Files
only=None
####################################################################################################

====================================================================================================
[2026-02-24T14:32:29Z] START MRW: Ingest MRW
CMD: /opt/invsync/.venv/bin/python /opt/invsync/ingest_mrw_inventory.py --file /opt/invsync/Vendor_Files/MRW Inventory Report.xlsx --vendor-code MRW --vendor-name Method Race Wheels --as-of-date 2026-02-24
Traceback (most recent call last):
  File "/opt/invsync/ingest_mrw_inventory.py", line 285, in <module>
    main()
    ~~~~^^
  File "/opt/invsync/ingest_mrw_inventory.py", line 214, in main
    with get_conn() as conn:
         ~~~~~~~~^^
  File "/opt/invsync/ingest_mrw_inventory.py", line 73, in get_conn
    return psycopg2.connect(
           ~~~~~~~~~~~~~~~~^
        host=host,
        ^^^^^^^^^^
    ...<4 lines>...
        sslmode=sslmode,
        ^^^^^^^^^^^^^^^^
    )
    ^
  File "/opt/invsync/.venv/lib/python3.13/site-packages/psycopg2/__init__.py", line 122, in connect
    conn = _connect(dsn, connection_factory=connection_factory, **kwasync)
psycopg2.OperationalError: connection to server at "etl-inventory-dev-do-user-32049593-0.h.db.ondigitalocean.com" (165.22.41.135), port 25060 failed: Connection timed out
	Is the server running on that host and accepting TCP/IP connections?

[2026-02-24T14:34:45Z] END MRW: Ingest MRW rc=1 seconds=135.36
====================================================================================================

====================================================================================================
[2026-02-24T14:34:45Z] START VOS: Ingest Vossen
CMD: /opt/invsync/.venv/bin/python /opt/invsync/ingest_vos_inventory.py --url http://inventory.vossenwheels.com/sdtireandwheel.aspx --vendor-code VOS --vendor-name Vossen Wheels --as-of-date 2026-02-24 --timeout 300
 Exported Excel
   URL:   http://inventory.vossenwheels.com/sdtireandwheel.aspx
   Excel: vossen_inventory_2026-02-24.xlsx
   Rows:  3584
   Cols:  ['SKU', 'Description', 'Available', 'Price', 'Diameter', 'Width', 'Offset', 'BoltPattern', 'Centerbore']
Traceback (most recent call last):
  File "/opt/invsync/ingest_vos_inventory.py", line 365, in <module>
    main()
    ~~~~^^
  File "/opt/invsync/ingest_vos_inventory.py", line 296, in main
    with get_conn() as conn:
         ~~~~~~~~^^
  File "/opt/invsync/ingest_vos_inventory.py", line 76, in get_conn
    return psycopg2.connect(
           ~~~~~~~~~~~~~~~~^
        host=host,
        ^^^^^^^^^^
    ...<4 lines>...
        sslmode=sslmode,
        ^^^^^^^^^^^^^^^^
    )
    ^
  File "/opt/invsync/.venv/lib/python3.13/site-packages/psycopg2/__init__.py", line 122, in connect
    conn = _connect(dsn, connection_factory=connection_factory, **kwasync)
psycopg2.OperationalError: connection to server at "etl-inventory-dev-do-user-32049593-0.h.db.ondigitalocean.com" (165.22.41.135), port 25060 failed: Connection timed out
	Is the server running on that host and accepting TCP/IP connections?

[2026-02-24T14:37:04Z] END VOS: Ingest Vossen rc=1 seconds=139.29
====================================================================================================

====================================================================================================
[2026-02-24T14:37:04Z] START FER: Ingest Ferrada
CMD: /opt/invsync/.venv/bin/python /opt/invsync/ingest_fer_inventory.py --sheet-id 1tubAbOzd-KSuJxr-9xQ1PjZKq6QPtrYCG6Qw_fg7EAM --vendor-code FER --vendor-name Ferrada --as-of-date 2026-02-24 --timeout 300
  Downloading Google Sheet as XLSX...
 Building merged workbook (all tabs + ALL_TABS)...
 Workbook ready
   Downloaded: ferrada_gsheet_2026-02-24.xlsx
   Merged:     ferrada_merged_2026-02-24.xlsx
   Tabs:       ['DC Series', 'CM Series', 'FR5-FR8', 'FR9-FR12 - New Inventory Arrivi', 'FTR Series', 'FT Series']
   ALL_TABS rows: 2983
 Ingesting into Postgres...
Traceback (most recent call last):
  File "/opt/invsync/ingest_fer_inventory.py", line 378, in <module>
    main()
    ~~~~^^
  File "/opt/invsync/ingest_fer_inventory.py", line 367, in main
    ingest_from_xlsx(
    ~~~~~~~~~~~~~~~~^
        xlsx_path=merged_xlsx,
        ^^^^^^^^^^^^^^^^^^^^^^
    ...<4 lines>...
        subject=args.subject,
        ^^^^^^^^^^^^^^^^^^^^^
    )
    ^
  File "/opt/invsync/ingest_fer_inventory.py", line 266, in ingest_from_xlsx
    with get_conn() as conn:
         ~~~~~~~~^^
  File "/opt/invsync/ingest_fer_inventory.py", line 95, in get_conn
    return psycopg2.connect(
           ~~~~~~~~~~~~~~~~^
        host=host, port=port, dbname=db, user=user, password=pw, sslmode=sslmode
        ^^^^^^^^^^^^^^^^^^^^^^^^^^^^^^^^^^^^^^^^^^^^^^^^^^^^^^^^^^^^^^^^^^^^^^^^
    )
    ^
  File "/opt/invsync/.venv/lib/python3.13/site-packages/psycopg2/__init__.py", line 122, in connect
    conn = _connect(dsn, connection_factory=connection_factory, **kwasync)
psycopg2.OperationalError: connection to server at "etl-inventory-dev-do-user-32049593-0.h.db.ondigitalocean.com" (165.22.41.135), port 25060 failed: Connection timed out
	Is the server running on that host and accepting TCP/IP connections?

[2026-02-24T14:39:23Z] END FER: Ingest Ferrada rc=1 seconds=139.29
====================================================================================================

====================================================================================================
[2026-02-24T14:39:23Z] START LOF: Ingest Lock Off-Road
CMD: /opt/invsync/.venv/bin/python /opt/invsync/ingest_lor_inventory.py --file /opt/invsync/Vendor_Files/LockOffroadWheelsInventory.xlsx --vendor-code LOF --vendor-name Lock Off-Road --as-of-date 2026-02-24
/opt/invsync/ingest_lor_inventory.py:6: SyntaxWarning: invalid escape sequence '\I'
  D:\app\InvSync\Vendor_Files\LockOffroadWheelsInventory.xlsx
Traceback (most recent call last):
  File "/opt/invsync/ingest_lor_inventory.py", line 259, in <module>
    main()
    ~~~~^^
  File "/opt/invsync/ingest_lor_inventory.py", line 194, in main
    with get_conn() as conn:
         ~~~~~~~~^^
  File "/opt/invsync/ingest_lor_inventory.py", line 68, in get_conn
    return psycopg2.connect(
           ~~~~~~~~~~~~~~~~^
        host=host,
        ^^^^^^^^^^
    ...<4 lines>...
        sslmode=sslmode,
        ^^^^^^^^^^^^^^^^
    )
    ^
  File "/opt/invsync/.venv/lib/python3.13/site-packages/psycopg2/__init__.py", line 122, in connect
    conn = _connect(dsn, connection_factory=connection_factory, **kwasync)
psycopg2.OperationalError: connection to server at "etl-inventory-dev-do-user-32049593-0.h.db.ondigitalocean.com" (165.22.41.135), port 25060 failed: Connection timed out
	Is the server running on that host and accepting TCP/IP connections?

[2026-02-24T14:41:38Z] END LOF: Ingest Lock Off-Road rc=1 seconds=135.10
====================================================================================================

====================================================================================================
[2026-02-24T14:41:38Z] START ROH: Ingest Rohana (from URL)
CMD: /opt/invsync/.venv/bin/python /opt/invsync/ingest_roh_inventory.py --url https://www.dropbox.com/scl/fi/esvxe8rq5qp26l8wjp6k9/Rohana-Inventory-02-13-2026.xlsx?rlkey=z48p4vy5gloki5psvr05kqkyb&e=2&st=o4bdwtue&dl=0 --vendor-code ROH --vendor-name Rohana --as-of-date 2026-02-24 --timeout 300
/opt/invsync/ingest_roh_inventory.py:31: SyntaxWarning: invalid escape sequence '\I'
  --file "D:\app\InvSync\Vendor_Files\Rohana Inventory 01-30-2026.xlsx" `
Downloading Rohana XLSX from URL -> rohana_inventory_2026-02-24.xlsx
Traceback (most recent call last):
  File "/opt/invsync/ingest_roh_inventory.py", line 422, in <module>
    main()
    ~~~~^^
  File "/opt/invsync/ingest_roh_inventory.py", line 411, in main
    ingest_xlsx(
    ~~~~~~~~~~~^
        file_path=xlsx_path,
        ^^^^^^^^^^^^^^^^^^^^
    ...<4 lines>...
        subject=args.subject,
        ^^^^^^^^^^^^^^^^^^^^^
    )
    ^
  File "/opt/invsync/ingest_roh_inventory.py", line 298, in ingest_xlsx
    with get_conn() as conn:
         ~~~~~~~~^^
  File "/opt/invsync/ingest_roh_inventory.py", line 99, in get_conn
    return psycopg2.connect(host=host, port=port, dbname=db, user=user, password=pw, sslmode=sslmode)
           ~~~~~~~~~~~~~~~~^^^^^^^^^^^^^^^^^^^^^^^^^^^^^^^^^^^^^^^^^^^^^^^^^^^^^^^^^^^^^^^^^^^^^^^^^^
  File "/opt/invsync/.venv/lib/python3.13/site-packages/psycopg2/__init__.py", line 122, in connect
    conn = _connect(dsn, connection_factory=connection_factory, **kwasync)
psycopg2.OperationalError: connection to server at "etl-inventory-dev-do-user-32049593-0.h.db.ondigitalocean.com" (165.22.41.135), port 25060 failed: Connection timed out
	Is the server running on that host and accepting TCP/IP connections?

[2026-02-24T14:43:58Z] END ROH: Ingest Rohana (from URL) rc=1 seconds=139.31
====================================================================================================

====================================================================================================
[2026-02-24T14:43:58Z] START XXR: Ingest XXR
CMD: /opt/invsync/.venv/bin/python /opt/invsync/ingest_xxr_inventory.py --file /opt/invsync/Vendor_Files/Open Inventory & Blowouts (XXR) 2.23.26.xlsx --vendor-code XXR --vendor-name XXR - Primax --as-of-date 2026-02-24
Traceback (most recent call last):
  File "/opt/invsync/ingest_xxr_inventory.py", line 366, in <module>
    main()
    ~~~~^^
  File "/opt/invsync/ingest_xxr_inventory.py", line 295, in main
    with get_conn() as conn:
         ~~~~~~~~^^
  File "/opt/invsync/ingest_xxr_inventory.py", line 150, in get_conn
    return psycopg2.connect(
           ~~~~~~~~~~~~~~~~^
        host=host,
        ^^^^^^^^^^
    ...<4 lines>...
        sslmode=sslmode,
        ^^^^^^^^^^^^^^^^
    )
    ^
  File "/opt/invsync/.venv/lib/python3.13/site-packages/psycopg2/__init__.py", line 122, in connect
    conn = _connect(dsn, connection_factory=connection_factory, **kwasync)
psycopg2.OperationalError: connection to server at "etl-inventory-dev-do-user-32049593-0.h.db.ondigitalocean.com" (165.22.41.135), port 25060 failed: Connection timed out
	Is the server running on that host and accepting TCP/IP connections?

[2026-02-24T14:46:13Z] END XXR: Ingest XXR rc=1 seconds=135.12
====================================================================================================

====================================================================================================
[2026-02-24T14:46:13Z] START DK: Ingest Dolce + Katana (WTD wheel offer)
CMD: /opt/invsync/.venv/bin/python /opt/invsync/ingest_DOL_KAT_inventory.py --filename WTDwheelofferFebruary_17_2026.xlsx
/opt/invsync/ingest_DOL_KAT_inventory.py:6: SyntaxWarning: invalid escape sequence '\I'
  - The script MUST pick the file from: D:\app\InvSync\Vendor_Files
Traceback (most recent call last):
  File "/opt/invsync/ingest_DOL_KAT_inventory.py", line 519, in <module>
    main()
    ~~~~^^
  File "/opt/invsync/ingest_DOL_KAT_inventory.py", line 330, in main
    raise FileNotFoundError(f"File not found in Vendor_Files: {file_path}")
FileNotFoundError: File not found in Vendor_Files: D:\app\InvSync\Vendor_Files/WTDwheelofferFebruary_17_2026.xlsx
[2026-02-24T14:46:14Z] END DK: Ingest Dolce + Katana (WTD wheel offer) rc=1 seconds=0.82
====================================================================================================

====================================================================================================
[2026-02-24T14:46:14Z] START Build Daily Final (MRW)
CMD: /opt/invsync/.venv/bin/python /opt/invsync/build_inventory_daily_final.py --as-of-date 2026-02-24 --vendor-code MRW
Traceback (most recent call last):
  File "/opt/invsync/build_inventory_daily_final.py", line 127, in <module>
    main()
    ~~~~^^
  File "/opt/invsync/build_inventory_daily_final.py", line 107, in main
    with get_conn() as conn:
         ~~~~~~~~^^
  File "/opt/invsync/build_inventory_daily_final.py", line 42, in get_conn
    return psycopg2.connect(host=host, port=port, dbname=db, user=user, password=pw, sslmode=sslmode)
           ~~~~~~~~~~~~~~~~^^^^^^^^^^^^^^^^^^^^^^^^^^^^^^^^^^^^^^^^^^^^^^^^^^^^^^^^^^^^^^^^^^^^^^^^^^
  File "/opt/invsync/.venv/lib/python3.13/site-packages/psycopg2/__init__.py", line 122, in connect
    conn = _connect(dsn, connection_factory=connection_factory, **kwasync)
psycopg2.OperationalError: connection to server at "etl-inventory-dev-do-user-32049593-0.h.db.ondigitalocean.com" (165.22.41.135), port 25060 failed: Connection timed out
	Is the server running on that host and accepting TCP/IP connections?

[2026-02-24T14:48:28Z] END Build Daily Final (MRW) rc=1 seconds=134.26
====================================================================================================

====================================================================================================
[2026-02-24T14:48:28Z] START Build Daily Final (VOS)
CMD: /opt/invsync/.venv/bin/python /opt/invsync/build_inventory_daily_final.py --as-of-date 2026-02-24 --vendor-code VOS
Traceback (most recent call last):
  File "/opt/invsync/build_inventory_daily_final.py", line 127, in <module>
    main()
    ~~~~^^
  File "/opt/invsync/build_inventory_daily_final.py", line 107, in main
    with get_conn() as conn:
         ~~~~~~~~^^
  File "/opt/invsync/build_inventory_daily_final.py", line 42, in get_conn
    return psycopg2.connect(host=host, port=port, dbname=db, user=user, password=pw, sslmode=sslmode)
           ~~~~~~~~~~~~~~~~^^^^^^^^^^^^^^^^^^^^^^^^^^^^^^^^^^^^^^^^^^^^^^^^^^^^^^^^^^^^^^^^^^^^^^^^^^
  File "/opt/invsync/.venv/lib/python3.13/site-packages/psycopg2/__init__.py", line 122, in connect
    conn = _connect(dsn, connection_factory=connection_factory, **kwasync)
psycopg2.OperationalError: connection to server at "etl-inventory-dev-do-user-32049593-0.h.db.ondigitalocean.com" (165.22.41.135), port 25060 failed: Connection timed out
	Is the server running on that host and accepting TCP/IP connections?

[2026-02-24T14:50:43Z] END Build Daily Final (VOS) rc=1 seconds=135.17
====================================================================================================

====================================================================================================
[2026-02-24T14:50:43Z] START Build Daily Final (FER)
CMD: /opt/invsync/.venv/bin/python /opt/invsync/build_inventory_daily_final.py --as-of-date 2026-02-24 --vendor-code FER

####################################################################################################
[2026-02-24T15:02:10Z] InvSync Runner START
mode=full as_of_date=2026-02-24
vendor_dir=/opt/invsync/Vendor_Files
only=None
####################################################################################################

====================================================================================================
[2026-02-24T15:02:10Z] START MRW: Ingest MRW
CMD: /opt/invsync/.venv/bin/python /opt/invsync/ingest_mrw_inventory.py --file /opt/invsync/Vendor_Files/MRW Inventory Report.xlsx --vendor-code MRW --vendor-name Method Race Wheels --as-of-date 2026-02-24
 Ingestion complete
   Vendor: MRW (vendor_id inserted/updated)
   File:   MRW Inventory Report.xlsx
   Hash:   f8cbbaf9291ec91de66f2b1366287b439231eac77f6910c3f40e52c1444a25e8
   as_of:  2026-02-24
   Rows:   raw=1646, normalized=1646
[2026-02-24T15:02:13Z] END MRW: Ingest MRW rc=0 seconds=2.85
====================================================================================================

====================================================================================================
[2026-02-24T15:02:13Z] START VOS: Ingest Vossen
CMD: /opt/invsync/.venv/bin/python /opt/invsync/ingest_vos_inventory.py --url http://inventory.vossenwheels.com/sdtireandwheel.aspx --vendor-code VOS --vendor-name Vossen Wheels --as-of-date 2026-02-24 --timeout 300
 Exported Excel
   URL:   http://inventory.vossenwheels.com/sdtireandwheel.aspx
   Excel: vossen_inventory_2026-02-24.xlsx
   Rows:  3584
   Cols:  ['SKU', 'Description', 'Available', 'Price', 'Diameter', 'Width', 'Offset', 'BoltPattern', 'Centerbore']
 Ingestion complete
   Vendor: VOS
   Excel:  vossen_inventory_2026-02-24.xlsx
   Hash:   4518b68ce5cd88dc34ab0550aae9d8ead3b25fd6489b2af03182bd399391afd9
   as_of:  2026-02-24
   Rows:   raw=3584, normalized=3584
[2026-02-24T15:02:18Z] END VOS: Ingest Vossen rc=0 seconds=5.06
====================================================================================================

====================================================================================================
[2026-02-24T15:02:18Z] START FER: Ingest Ferrada
CMD: /opt/invsync/.venv/bin/python /opt/invsync/ingest_fer_inventory.py --sheet-id 1tubAbOzd-KSuJxr-9xQ1PjZKq6QPtrYCG6Qw_fg7EAM --vendor-code FER --vendor-name Ferrada --as-of-date 2026-02-24 --timeout 300
  Downloading Google Sheet as XLSX...
 Building merged workbook (all tabs + ALL_TABS)...
 Workbook ready
   Downloaded: ferrada_gsheet_2026-02-24.xlsx
   Merged:     ferrada_merged_2026-02-24.xlsx
   Tabs:       ['DC Series', 'CM Series', 'FR5-FR8', 'FR9-FR12 - New Inventory Arrivi', 'FTR Series', 'FT Series']
   ALL_TABS rows: 2983
 Ingesting into Postgres...
 Ingestion complete
   Vendor: FER
   File:   ferrada_merged_2026-02-24.xlsx
   Hash:   6f7ad0719977dff182268bfdb98fd2aaaead672c636ea5af64485d8f1130a95f
   as_of:  2026-02-24
   Rows:   raw=2983, normalized=2983
[2026-02-24T15:02:27Z] END FER: Ingest Ferrada rc=0 seconds=9.11
====================================================================================================

====================================================================================================
[2026-02-24T15:02:27Z] START LOF: Ingest Lock Off-Road
CMD: /opt/invsync/.venv/bin/python /opt/invsync/ingest_lor_inventory.py --file /opt/invsync/Vendor_Files/LockOffroadWheelsInventory.xlsx --vendor-code LOF --vendor-name Lock Off-Road --as-of-date 2026-02-24
/opt/invsync/ingest_lor_inventory.py:6: SyntaxWarning: invalid escape sequence '\I'
  D:\app\InvSync\Vendor_Files\LockOffroadWheelsInventory.xlsx
 Ingestion complete
   Vendor: LOF (Lock Off-Road)
   File:   LockOffroadWheelsInventory.xlsx
   Hash:   f5083ef4d4c62c54e2366ac1c1bc4631d404e5f2c7e966dd3a77f2046a513064
   as_of:  2026-02-24
   Rows:   raw=1223, normalized=1223
[2026-02-24T15:02:29Z] END LOF: Ingest Lock Off-Road rc=0 seconds=2.47
====================================================================================================

====================================================================================================
[2026-02-24T15:02:29Z] START ROH: Ingest Rohana (from URL)
CMD: /opt/invsync/.venv/bin/python /opt/invsync/ingest_roh_inventory.py --url https://www.dropbox.com/scl/fi/esvxe8rq5qp26l8wjp6k9/Rohana-Inventory-02-13-2026.xlsx?rlkey=z48p4vy5gloki5psvr05kqkyb&e=2&st=o4bdwtue&dl=0 --vendor-code ROH --vendor-name Rohana --as-of-date 2026-02-24 --timeout 300
/opt/invsync/ingest_roh_inventory.py:31: SyntaxWarning: invalid escape sequence '\I'
  --file "D:\app\InvSync\Vendor_Files\Rohana Inventory 01-30-2026.xlsx" `
Downloading Rohana XLSX from URL -> rohana_inventory_2026-02-24.xlsx
Ingestion complete
  Vendor: ROH (Rohana)
  File:   rohana_inventory_2026-02-24.xlsx
  Hash:   b6bcb4c043f6b713ba0663e16863d44734981846de3370d5b4792d86b1724324
  as_of:  2026-02-24
  Rows:   raw=1554, normalized=1468
  Header row detected (0-based): 3
[2026-02-24T15:02:34Z] END ROH: Ingest Rohana (from URL) rc=0 seconds=5.07
====================================================================================================

====================================================================================================
[2026-02-24T15:02:34Z] START XXR: Ingest XXR
CMD: /opt/invsync/.venv/bin/python /opt/invsync/ingest_xxr_inventory.py --file /opt/invsync/Vendor_Files/Open Inventory & Blowouts (XXR) 2.23.26.xlsx --vendor-code XXR --vendor-name XXR - Primax --as-of-date 2026-02-24
 Ingestion complete
   Vendor: XXR (XXR - Primax)
   File:   Open Inventory & Blowouts (XXR) 2.23.26.xlsx
   Hash:   0da0745d42a0bbdcf9e4b8c8991963b9196d4982c2dcd61fe79b0376966307f7
   as_of:  2026-02-24
   Rows:   raw=539, normalized=532
[2026-02-24T15:02:37Z] END XXR: Ingest XXR rc=0 seconds=2.33
====================================================================================================

====================================================================================================
[2026-02-24T15:02:37Z] START DK: Ingest Dolce + Katana (WTD wheel offer)
CMD: /opt/invsync/.venv/bin/python /opt/invsync/ingest_DOL_KAT_inventory.py --filename WTDwheelofferFebruary_17_2026.xlsx
/opt/invsync/ingest_DOL_KAT_inventory.py:6: SyntaxWarning: invalid escape sequence '\I'
  - The script MUST pick the file from: D:\app\InvSync\Vendor_Files
Traceback (most recent call last):
  File "/opt/invsync/ingest_DOL_KAT_inventory.py", line 519, in <module>
    main()
    ~~~~^^
  File "/opt/invsync/ingest_DOL_KAT_inventory.py", line 330, in main
    raise FileNotFoundError(f"File not found in Vendor_Files: {file_path}")
FileNotFoundError: File not found in Vendor_Files: D:\app\InvSync\Vendor_Files/WTDwheelofferFebruary_17_2026.xlsx
[2026-02-24T15:02:37Z] END DK: Ingest Dolce + Katana (WTD wheel offer) rc=1 seconds=0.72
====================================================================================================

====================================================================================================
[2026-02-24T15:02:37Z] START Build Daily Final (MRW)
CMD: /opt/invsync/.venv/bin/python /opt/invsync/build_inventory_daily_final.py --as-of-date 2026-02-24 --vendor-code MRW
inventory_daily_final built successfully
  scope: vendor=MRW
  as_of_date: 2026-02-24
  rows written this run (approx): 0
  total rows in inventory_daily_final for date: 0
[2026-02-24T15:02:38Z] END Build Daily Final (MRW) rc=0 seconds=0.91
====================================================================================================

====================================================================================================
[2026-02-24T15:02:38Z] START Build Daily Final (VOS)
CMD: /opt/invsync/.venv/bin/python /opt/invsync/build_inventory_daily_final.py --as-of-date 2026-02-24 --vendor-code VOS
inventory_daily_final built successfully
  scope: vendor=VOS
  as_of_date: 2026-02-24
  rows written this run (approx): 3584
  total rows in inventory_daily_final for date: 3584
[2026-02-24T15:02:40Z] END Build Daily Final (VOS) rc=0 seconds=1.41
====================================================================================================

====================================================================================================
[2026-02-24T15:02:40Z] START Build Daily Final (FER)
CMD: /opt/invsync/.venv/bin/python /opt/invsync/build_inventory_daily_final.py --as-of-date 2026-02-24 --vendor-code FER
inventory_daily_final built successfully
  scope: vendor=FER
  as_of_date: 2026-02-24
  rows written this run (approx): 2983
  total rows in inventory_daily_final for date: 6567
[2026-02-24T15:02:41Z] END Build Daily Final (FER) rc=0 seconds=1.09
====================================================================================================

====================================================================================================
[2026-02-24T15:02:41Z] START Build Daily Final (LOF)
CMD: /opt/invsync/.venv/bin/python /opt/invsync/build_inventory_daily_final.py --as-of-date 2026-02-24 --vendor-code LOF
inventory_daily_final built successfully
  scope: vendor=LOF
  as_of_date: 2026-02-24
  rows written this run (approx): 1223
  total rows in inventory_daily_final for date: 7790
[2026-02-24T15:02:42Z] END Build Daily Final (LOF) rc=0 seconds=0.99
====================================================================================================

====================================================================================================
[2026-02-24T15:02:42Z] START Build Daily Final (ROH)
CMD: /opt/invsync/.venv/bin/python /opt/invsync/build_inventory_daily_final.py --as-of-date 2026-02-24 --vendor-code ROH
inventory_daily_final built successfully
  scope: vendor=ROH
  as_of_date: 2026-02-24
  rows written this run (approx): 0
  total rows in inventory_daily_final for date: 7790
[2026-02-24T15:02:43Z] END Build Daily Final (ROH) rc=0 seconds=0.86
====================================================================================================

====================================================================================================
[2026-02-24T15:02:43Z] START Build Daily Final (XXR)
CMD: /opt/invsync/.venv/bin/python /opt/invsync/build_inventory_daily_final.py --as-of-date 2026-02-24 --vendor-code XXR
inventory_daily_final built successfully
  scope: vendor=XXR
  as_of_date: 2026-02-24
  rows written this run (approx): 532
  total rows in inventory_daily_final for date: 8322
[2026-02-24T15:02:44Z] END Build Daily Final (XXR) rc=0 seconds=0.86
====================================================================================================

====================================================================================================
[2026-02-24T15:02:44Z] START Build Daily Final (DOL)
CMD: /opt/invsync/.venv/bin/python /opt/invsync/build_inventory_daily_final.py --as-of-date 2026-02-24 --vendor-code DOL
inventory_daily_final built successfully
  scope: vendor=DOL
  as_of_date: 2026-02-24
  rows written this run (approx): 0
  total rows in inventory_daily_final for date: 8322
[2026-02-24T15:02:44Z] END Build Daily Final (DOL) rc=0 seconds=0.88
====================================================================================================

====================================================================================================
[2026-02-24T15:02:44Z] START Build Daily Final (KAT)
CMD: /opt/invsync/.venv/bin/python /opt/invsync/build_inventory_daily_final.py --as-of-date 2026-02-24 --vendor-code KAT
inventory_daily_final built successfully
  scope: vendor=KAT
  as_of_date: 2026-02-24
  rows written this run (approx): 0
  total rows in inventory_daily_final for date: 8322
[2026-02-24T15:02:45Z] END Build Daily Final (KAT) rc=0 seconds=0.91
====================================================================================================

====================================================================================================
[2026-02-24T15:02:45Z] START Build Woo Variation Map
CMD: /opt/invsync/.venv/bin/python /opt/invsync/build_woo_variation_map.py --as-of-date 2026-02-24
Mapping 254 SKUs using MySQL (no Woo API).
MySQL batches: 1000 | PG commit batch: 500
Traceback (most recent call last):
  File "/opt/invsync/build_woo_variation_map.py", line 325, in <module>
    main()
    ~~~~^^
  File "/opt/invsync/build_woo_variation_map.py", line 291, in main
    good_map, bad_map = mysql_map_variations_by_sku(group)
                        ~~~~~~~~~~~~~~~~~~~~~~~~~~~^^^^^^^
  File "/opt/invsync/build_woo_variation_map.py", line 196, in mysql_map_variations_by_sku
    with get_mysql_conn() as conn:
         ~~~~~~~~~~~~~~^^
  File "/opt/invsync/build_woo_variation_map.py", line 132, in get_mysql_conn
    return pymysql.connect(
           ~~~~~~~~~~~~~~~^
        host=host,
        ^^^^^^^^^^
    ...<6 lines>...
        cursorclass=pymysql.cursors.DictCursor,
        ^^^^^^^^^^^^^^^^^^^^^^^^^^^^^^^^^^^^^^^
    )
    ^
  File "/opt/invsync/.venv/lib/python3.13/site-packages/pymysql/connections.py", line 365, in __init__
    self.connect()
    ~~~~~~~~~~~~^^
  File "/opt/invsync/.venv/lib/python3.13/site-packages/pymysql/connections.py", line 680, in connect
    self._get_server_information()
    ~~~~~~~~~~~~~~~~~~~~~~~~~~~~^^
  File "/opt/invsync/.venv/lib/python3.13/site-packages/pymysql/connections.py", line 1099, in _get_server_information
    packet = self._read_packet()
  File "/opt/invsync/.venv/lib/python3.13/site-packages/pymysql/connections.py", line 782, in _read_packet
    packet.raise_for_error()
    ~~~~~~~~~~~~~~~~~~~~~~^^
  File "/opt/invsync/.venv/lib/python3.13/site-packages/pymysql/protocol.py", line 219, in raise_for_error
    err.raise_mysql_exception(self._data)
    ~~~~~~~~~~~~~~~~~~~~~~~~~^^^^^^^^^^^^
  File "/opt/invsync/.venv/lib/python3.13/site-packages/pymysql/err.py", line 150, in raise_mysql_exception
    raise errorclass(errno, errval)
pymysql.err.OperationalError: (1130, "Host '143.198.101.77' is not allowed to connect to this MySQL server")
[2026-02-24T15:02:47Z] END Build Woo Variation Map rc=1 seconds=1.26
====================================================================================================

====================================================================================================
[2026-02-24T15:02:47Z] START Woo Stock Batch Update
CMD: /opt/invsync/.venv/bin/python /opt/invsync/woo_variation_stock_batch_update.py --as-of-date 2026-02-24
WCMLIM MySQL updater (ONLY ONE KEY)
  as_of_date: 2026-02-24
  wp_prefix:  wp_
  meta_key:   wcmlim_stock_at_2096
  rows:       8068
  dry_run:    False
  batch_size: 1000
Traceback (most recent call last):
  File "/opt/invsync/woo_variation_stock_batch_update.py", line 261, in <module>
    raise SystemExit(main())
                     ~~~~^^
  File "/opt/invsync/woo_variation_stock_batch_update.py", line 239, in main
    conn = get_mysql_conn()
  File "/opt/invsync/woo_variation_stock_batch_update.py", line 95, in get_mysql_conn
    return pymysql.connect(
           ~~~~~~~~~~~~~~~^
        host=host,
        ^^^^^^^^^^
    ...<6 lines>...
        cursorclass=pymysql.cursors.Cursor,
        ^^^^^^^^^^^^^^^^^^^^^^^^^^^^^^^^^^^
    )
    ^
  File "/opt/invsync/.venv/lib/python3.13/site-packages/pymysql/connections.py", line 365, in __init__
    self.connect()
    ~~~~~~~~~~~~^^
  File "/opt/invsync/.venv/lib/python3.13/site-packages/pymysql/connections.py", line 680, in connect
    self._get_server_information()
    ~~~~~~~~~~~~~~~~~~~~~~~~~~~~^^
  File "/opt/invsync/.venv/lib/python3.13/site-packages/pymysql/connections.py", line 1099, in _get_server_information
    packet = self._read_packet()
  File "/opt/invsync/.venv/lib/python3.13/site-packages/pymysql/connections.py", line 782, in _read_packet
    packet.raise_for_error()
    ~~~~~~~~~~~~~~~~~~~~~~^^
  File "/opt/invsync/.venv/lib/python3.13/site-packages/pymysql/protocol.py", line 219, in raise_for_error
    err.raise_mysql_exception(self._data)
    ~~~~~~~~~~~~~~~~~~~~~~~~~^^^^^^^^^^^^
  File "/opt/invsync/.venv/lib/python3.13/site-packages/pymysql/err.py", line 150, in raise_mysql_exception
    raise errorclass(errno, errval)
pymysql.err.OperationalError: (1130, "Host '143.198.101.77' is not allowed to connect to this MySQL server")
[2026-02-24T15:02:48Z] END Woo Stock Batch Update rc=1 seconds=1.53
====================================================================================================

[2026-02-24T15:02:48Z] InvSync Runner END ok=14 failed=3 total_seconds=38.30

####################################################################################################
[2026-02-24T15:34:04Z] InvSync Runner START
mode=full as_of_date=2026-02-24
vendor_dir=/opt/invsync/Vendor_Files
only=None
####################################################################################################

====================================================================================================
[2026-02-24T15:34:04Z] START MRW: Ingest MRW
CMD: /opt/invsync/.venv/bin/python /opt/invsync/ingest_mrw_inventory.py --file /opt/invsync/Vendor_Files/MRW Inventory Report.xlsx --vendor-code MRW --vendor-name Method Race Wheels --as-of-date 2026-02-24
 Ingestion complete
   Vendor: MRW (vendor_id inserted/updated)
   File:   MRW Inventory Report.xlsx
   Hash:   f8cbbaf9291ec91de66f2b1366287b439231eac77f6910c3f40e52c1444a25e8
   as_of:  2026-02-24
   Rows:   raw=1646, normalized=1646
[2026-02-24T15:34:06Z] END MRW: Ingest MRW rc=0 seconds=2.63
====================================================================================================

====================================================================================================
[2026-02-24T15:34:06Z] START VOS: Ingest Vossen
CMD: /opt/invsync/.venv/bin/python /opt/invsync/ingest_vos_inventory.py --url http://inventory.vossenwheels.com/sdtireandwheel.aspx --vendor-code VOS --vendor-name Vossen Wheels --as-of-date 2026-02-24 --timeout 300
 Exported Excel
   URL:   http://inventory.vossenwheels.com/sdtireandwheel.aspx
   Excel: vossen_inventory_2026-02-24.xlsx
   Rows:  3584
   Cols:  ['SKU', 'Description', 'Available', 'Price', 'Diameter', 'Width', 'Offset', 'BoltPattern', 'Centerbore']
 Ingestion complete
   Vendor: VOS
   Excel:  vossen_inventory_2026-02-24.xlsx
   Hash:   9f4b6525457373be98dafb35220277ff3310cb1be1f0e4fffdf224f24fe3bc2e
   as_of:  2026-02-24
   Rows:   raw=3584, normalized=3584
[2026-02-24T15:34:11Z] END VOS: Ingest Vossen rc=0 seconds=4.85
====================================================================================================

====================================================================================================
[2026-02-24T15:34:11Z] START FER: Ingest Ferrada
CMD: /opt/invsync/.venv/bin/python /opt/invsync/ingest_fer_inventory.py --sheet-id 1tubAbOzd-KSuJxr-9xQ1PjZKq6QPtrYCG6Qw_fg7EAM --vendor-code FER --vendor-name Ferrada --as-of-date 2026-02-24 --timeout 300
  Downloading Google Sheet as XLSX...
 Building merged workbook (all tabs + ALL_TABS)...
 Workbook ready
   Downloaded: ferrada_gsheet_2026-02-24.xlsx
   Merged:     ferrada_merged_2026-02-24.xlsx
   Tabs:       ['DC Series', 'CM Series', 'FR5-FR8', 'FR9-FR12 - New Inventory Arrivi', 'FTR Series', 'FT Series']
   ALL_TABS rows: 2983
 Ingesting into Postgres...
 Ingestion complete
   Vendor: FER
   File:   ferrada_merged_2026-02-24.xlsx
   Hash:   ba18e7e34933cdee0767bbd0364a3c91c1789a4c6a9c169e5aa8b3b5ab19d3e6
   as_of:  2026-02-24
   Rows:   raw=2983, normalized=2983
[2026-02-24T15:34:20Z] END FER: Ingest Ferrada rc=0 seconds=8.82
====================================================================================================

====================================================================================================
[2026-02-24T15:34:20Z] START LOF: Ingest Lock Off-Road
CMD: /opt/invsync/.venv/bin/python /opt/invsync/ingest_lor_inventory.py --file /opt/invsync/Vendor_Files/LockOffroadWheelsInventory.xlsx --vendor-code LOF --vendor-name Lock Off-Road --as-of-date 2026-02-24
/opt/invsync/ingest_lor_inventory.py:6: SyntaxWarning: invalid escape sequence '\I'
  D:\app\InvSync\Vendor_Files\LockOffroadWheelsInventory.xlsx
 Ingestion complete
   Vendor: LOF (Lock Off-Road)
   File:   LockOffroadWheelsInventory.xlsx
   Hash:   f5083ef4d4c62c54e2366ac1c1bc4631d404e5f2c7e966dd3a77f2046a513064
   as_of:  2026-02-24
   Rows:   raw=1223, normalized=1223
[2026-02-24T15:34:23Z] END LOF: Ingest Lock Off-Road rc=0 seconds=2.62
====================================================================================================

====================================================================================================
[2026-02-24T15:34:23Z] START ROH: Ingest Rohana (from URL)
CMD: /opt/invsync/.venv/bin/python /opt/invsync/ingest_roh_inventory.py --url https://www.dropbox.com/scl/fi/esvxe8rq5qp26l8wjp6k9/Rohana-Inventory-02-13-2026.xlsx?rlkey=z48p4vy5gloki5psvr05kqkyb&e=2&st=o4bdwtue&dl=0 --vendor-code ROH --vendor-name Rohana --as-of-date 2026-02-24 --timeout 300
/opt/invsync/ingest_roh_inventory.py:31: SyntaxWarning: invalid escape sequence '\I'
  --file "D:\app\InvSync\Vendor_Files\Rohana Inventory 01-30-2026.xlsx" `
Downloading Rohana XLSX from URL -> rohana_inventory_2026-02-24.xlsx
Ingestion complete
  Vendor: ROH (Rohana)
  File:   rohana_inventory_2026-02-24.xlsx
  Hash:   b6bcb4c043f6b713ba0663e16863d44734981846de3370d5b4792d86b1724324
  as_of:  2026-02-24
  Rows:   raw=1554, normalized=1468
  Header row detected (0-based): 3
[2026-02-24T15:34:28Z] END ROH: Ingest Rohana (from URL) rc=0 seconds=5.17
====================================================================================================

====================================================================================================
[2026-02-24T15:34:28Z] START XXR: Ingest XXR
CMD: /opt/invsync/.venv/bin/python /opt/invsync/ingest_xxr_inventory.py --file /opt/invsync/Vendor_Files/Open Inventory & Blowouts (XXR) 2.23.26.xlsx --vendor-code XXR --vendor-name XXR - Primax --as-of-date 2026-02-24
 Ingestion complete
   Vendor: XXR (XXR - Primax)
   File:   Open Inventory & Blowouts (XXR) 2.23.26.xlsx
   Hash:   0da0745d42a0bbdcf9e4b8c8991963b9196d4982c2dcd61fe79b0376966307f7
   as_of:  2026-02-24
   Rows:   raw=539, normalized=532
[2026-02-24T15:34:30Z] END XXR: Ingest XXR rc=0 seconds=2.17
====================================================================================================

====================================================================================================
[2026-02-24T15:34:30Z] START DK: Ingest Dolce + Katana (WTD wheel offer)
CMD: /opt/invsync/.venv/bin/python /opt/invsync/ingest_DOL_KAT_inventory.py --filename WTDwheelofferFebruary_17_2026.xlsx
/opt/invsync/ingest_DOL_KAT_inventory.py:6: SyntaxWarning: invalid escape sequence '\I'
  - The script MUST pick the file from: D:\app\InvSync\Vendor_Files
Traceback (most recent call last):
  File "/opt/invsync/ingest_DOL_KAT_inventory.py", line 519, in <module>
    main()
    ~~~~^^
  File "/opt/invsync/ingest_DOL_KAT_inventory.py", line 330, in main
    raise FileNotFoundError(f"File not found in Vendor_Files: {file_path}")
FileNotFoundError: File not found in Vendor_Files: D:\app\InvSync\Vendor_Files/WTDwheelofferFebruary_17_2026.xlsx
[2026-02-24T15:34:31Z] END DK: Ingest Dolce + Katana (WTD wheel offer) rc=1 seconds=0.77
====================================================================================================

====================================================================================================
[2026-02-24T15:34:31Z] START Build Daily Final (MRW)
CMD: /opt/invsync/.venv/bin/python /opt/invsync/build_inventory_daily_final.py --as-of-date 2026-02-24 --vendor-code MRW
inventory_daily_final built successfully
  scope: vendor=MRW
  as_of_date: 2026-02-24
  rows written this run (approx): 0
  total rows in inventory_daily_final for date: 8322
[2026-02-24T15:34:31Z] END Build Daily Final (MRW) rc=0 seconds=0.75
====================================================================================================

====================================================================================================
[2026-02-24T15:34:31Z] START Build Daily Final (VOS)
CMD: /opt/invsync/.venv/bin/python /opt/invsync/build_inventory_daily_final.py --as-of-date 2026-02-24 --vendor-code VOS
inventory_daily_final built successfully
  scope: vendor=VOS
  as_of_date: 2026-02-24
  rows written this run (approx): 3584
  total rows in inventory_daily_final for date: 8322
[2026-02-24T15:34:33Z] END Build Daily Final (VOS) rc=0 seconds=1.38
====================================================================================================

====================================================================================================
[2026-02-24T15:34:33Z] START Build Daily Final (FER)
CMD: /opt/invsync/.venv/bin/python /opt/invsync/build_inventory_daily_final.py --as-of-date 2026-02-24 --vendor-code FER
inventory_daily_final built successfully
  scope: vendor=FER
  as_of_date: 2026-02-24
  rows written this run (approx): 2983
  total rows in inventory_daily_final for date: 8322
[2026-02-24T15:34:34Z] END Build Daily Final (FER) rc=0 seconds=1.16
====================================================================================================

====================================================================================================
[2026-02-24T15:34:34Z] START Build Daily Final (LOF)
CMD: /opt/invsync/.venv/bin/python /opt/invsync/build_inventory_daily_final.py --as-of-date 2026-02-24 --vendor-code LOF
inventory_daily_final built successfully
  scope: vendor=LOF
  as_of_date: 2026-02-24
  rows written this run (approx): 1223
  total rows in inventory_daily_final for date: 8322
[2026-02-24T15:34:35Z] END Build Daily Final (LOF) rc=0 seconds=0.89
====================================================================================================

====================================================================================================
[2026-02-24T15:34:35Z] START Build Daily Final (ROH)
CMD: /opt/invsync/.venv/bin/python /opt/invsync/build_inventory_daily_final.py --as-of-date 2026-02-24 --vendor-code ROH
inventory_daily_final built successfully
  scope: vendor=ROH
  as_of_date: 2026-02-24
  rows written this run (approx): 0
  total rows in inventory_daily_final for date: 8322
[2026-02-24T15:34:36Z] END Build Daily Final (ROH) rc=0 seconds=0.91
====================================================================================================

====================================================================================================
[2026-02-24T15:34:36Z] START Build Daily Final (XXR)
CMD: /opt/invsync/.venv/bin/python /opt/invsync/build_inventory_daily_final.py --as-of-date 2026-02-24 --vendor-code XXR
inventory_daily_final built successfully
  scope: vendor=XXR
  as_of_date: 2026-02-24
  rows written this run (approx): 532
  total rows in inventory_daily_final for date: 8322
[2026-02-24T15:34:37Z] END Build Daily Final (XXR) rc=0 seconds=0.80
====================================================================================================

====================================================================================================
[2026-02-24T15:34:37Z] START Build Daily Final (DOL)
CMD: /opt/invsync/.venv/bin/python /opt/invsync/build_inventory_daily_final.py --as-of-date 2026-02-24 --vendor-code DOL
inventory_daily_final built successfully
  scope: vendor=DOL
  as_of_date: 2026-02-24
  rows written this run (approx): 0
  total rows in inventory_daily_final for date: 8322
[2026-02-24T15:34:37Z] END Build Daily Final (DOL) rc=0 seconds=0.82
====================================================================================================

====================================================================================================
[2026-02-24T15:34:37Z] START Build Daily Final (KAT)
CMD: /opt/invsync/.venv/bin/python /opt/invsync/build_inventory_daily_final.py --as-of-date 2026-02-24 --vendor-code KAT
inventory_daily_final built successfully
  scope: vendor=KAT
  as_of_date: 2026-02-24
  rows written this run (approx): 0
  total rows in inventory_daily_final for date: 8322
[2026-02-24T15:34:38Z] END Build Daily Final (KAT) rc=0 seconds=0.78
====================================================================================================

====================================================================================================
[2026-02-24T15:34:38Z] START Build Woo Variation Map
CMD: /opt/invsync/.venv/bin/python /opt/invsync/build_woo_variation_map.py --as-of-date 2026-02-24
Mapping 254 SKUs using MySQL (no Woo API).
MySQL batches: 1000 | PG commit batch: 500
Mapping finished.
Check unmapped:
  SELECT sku, notes FROM invsync.woo_variation_map WHERE active = FALSE ORDER BY last_verified_at DESC LIMIT 50;
[2026-02-24T15:34:40Z] END Build Woo Variation Map rc=0 seconds=2.07
====================================================================================================

====================================================================================================
[2026-02-24T15:34:40Z] START Woo Stock Batch Update
CMD: /opt/invsync/.venv/bin/python /opt/invsync/woo_variation_stock_batch_update.py --as-of-date 2026-02-24
WCMLIM MySQL updater (ONLY ONE KEY)
  as_of_date: 2026-02-24
  wp_prefix:  wp_
  meta_key:   wcmlim_stock_at_2096
  rows:       8072
  dry_run:    False
  batch_size: 1000
Committed batch: updated=65 inserted=0 (running updated=65, inserted=0)
Committed batch: updated=124 inserted=0 (running updated=189, inserted=0)
Committed batch: updated=0 inserted=0 (running updated=189, inserted=0)
Committed batch: updated=9 inserted=0 (running updated=198, inserted=0)
Committed batch: updated=32 inserted=0 (running updated=230, inserted=0)
Committed batch: updated=59 inserted=0 (running updated=289, inserted=0)
Committed batch: updated=125 inserted=0 (running updated=414, inserted=0)
Committed batch: updated=289 inserted=0 (running updated=703, inserted=0)
Committed batch: updated=2 inserted=0 (running updated=705, inserted=0)
Done.
Total updated:  705
Total inserted: 0
[2026-02-24T15:34:49Z] END Woo Stock Batch Update rc=0 seconds=8.94
====================================================================================================

[2026-02-24T15:34:49Z] InvSync Runner END ok=16 failed=1 total_seconds=45.52

####################################################################################################
[2026-02-24T17:55:19Z] InvSync Runner START
mode=full as_of_date=2026-02-24
vendor_dir=/opt/invsync/Vendor_Files
only=['DK']
####################################################################################################

====================================================================================================
[2026-02-24T17:55:19Z] START DK: Ingest Dolce + Katana (WTD wheel offer)
CMD: /opt/invsync/.venv/bin/python /opt/invsync/ingest_DOL_KAT_inventory.py --filename WTDwheelofferFebruary_17_2026.xlsx
/opt/invsync/ingest_DOL_KAT_inventory.py:6: SyntaxWarning: invalid escape sequence '\I'
  - The script MUST pick the file from: D:\app\InvSync\Vendor_Files
Ingestion complete
  File:   WTDwheelofferFebruary_17_2026.xlsx
  Hash:   af4045b9dd0f00a39631d8fb7c90ca806f8758e92d476c05ab73757071ebd90d
  as_of:  2026-02-17
  Sheet:  Brands
  Marker rows detected (non-column-A images): [3, 4, 786, 1271, 1512]
  Brand marker mapping used: {786: 'DOL', 1271: 'DOL', 1512: 'KAT'}
  DOL: raw=641, normalized=641
  KAT: raw=283, normalized=283
[2026-02-24T17:55:23Z] END DK: Ingest Dolce + Katana (WTD wheel offer) rc=0 seconds=3.25
====================================================================================================

====================================================================================================
[2026-02-24T17:55:23Z] START Build Daily Final (DOL)
CMD: /opt/invsync/.venv/bin/python /opt/invsync/build_inventory_daily_final.py --as-of-date 2026-02-24 --vendor-code DOL
inventory_daily_final built successfully
  scope: vendor=DOL
  as_of_date: 2026-02-24
  rows written this run (approx): 0
  total rows in inventory_daily_final for date: 8322
[2026-02-24T17:55:23Z] END Build Daily Final (DOL) rc=0 seconds=0.71
====================================================================================================

====================================================================================================
[2026-02-24T17:55:23Z] START Build Daily Final (KAT)
CMD: /opt/invsync/.venv/bin/python /opt/invsync/build_inventory_daily_final.py --as-of-date 2026-02-24 --vendor-code KAT
inventory_daily_final built successfully
  scope: vendor=KAT
  as_of_date: 2026-02-24
  rows written this run (approx): 0
  total rows in inventory_daily_final for date: 8322
[2026-02-24T17:55:24Z] END Build Daily Final (KAT) rc=0 seconds=0.77
====================================================================================================

====================================================================================================
[2026-02-24T17:55:24Z] START Build Woo Variation Map
CMD: /opt/invsync/.venv/bin/python /opt/invsync/build_woo_variation_map.py --as-of-date 2026-02-24
Mapping 250 SKUs using MySQL (no Woo API).
MySQL batches: 1000 | PG commit batch: 500
Mapping finished.
Check unmapped:
  SELECT sku, notes FROM invsync.woo_variation_map WHERE active = FALSE ORDER BY last_verified_at DESC LIMIT 50;
[2026-02-24T17:55:26Z] END Build Woo Variation Map rc=0 seconds=1.51
====================================================================================================

====================================================================================================
[2026-02-24T17:55:26Z] START Woo Stock Batch Update
CMD: /opt/invsync/.venv/bin/python /opt/invsync/woo_variation_stock_batch_update.py --as-of-date 2026-02-24
WCMLIM MySQL updater (ONLY ONE KEY)
  as_of_date: 2026-02-24
  wp_prefix:  wp_
  meta_key:   wcmlim_stock_at_2096
  rows:       8072
  dry_run:    False
  batch_size: 1000
Committed batch: updated=0 inserted=0 (running updated=0, inserted=0)
Committed batch: updated=0 inserted=0 (running updated=0, inserted=0)
Committed batch: updated=0 inserted=0 (running updated=0, inserted=0)
Committed batch: updated=0 inserted=0 (running updated=0, inserted=0)
Committed batch: updated=0 inserted=0 (running updated=0, inserted=0)
Committed batch: updated=0 inserted=0 (running updated=0, inserted=0)
Committed batch: updated=0 inserted=0 (running updated=0, inserted=0)
Committed batch: updated=0 inserted=0 (running updated=0, inserted=0)
Committed batch: updated=0 inserted=0 (running updated=0, inserted=0)
Done.
Total updated:  0
Total inserted: 0
[2026-02-24T17:55:28Z] END Woo Stock Batch Update rc=0 seconds=1.83
====================================================================================================

[2026-02-24T17:55:28Z] InvSync Runner END ok=5 failed=0 total_seconds=8.07
